<?xml version="1.0" encoding="UTF-8"?>
<testsuite name="com.Harmattan.app.RunCucumberTest" time="1.427" tests="8" errors="0" skipped="0" failures="0">
  <properties>
[...]
</properties>
  <testcase name="Given Go to link" classname="Scenario: Тест ДНС" time="0.06"/>
  <testcase name="Given pick Criteria" classname="Scenario: Тест ДНС" time="0"/>
  <testcase name="Given push Button" classname="Scenario: Тест ДНС" time="0.001"/>
  <testcase name="Given check Name" classname="Scenario: Тест ДНС" time="0.001"/>
  <testcase name="Given check Desc" classname="Scenario: Тест ДНС" time="0.001"/>
  <testcase name="Given find Average Good" classname="Scenario: Тест ДНС" time="0.001"/>
  <testcase name="Given find Cheap Goods with Waiting" classname="Scenario: Тест ДНС" time="0.002"/>
  <testcase name="Scenario: Тест ДНС" classname="Scenario: Тест ДНС" time="1.361"/>
</testsuite>